==12145== Memcheck, a memory error detector
==12145== Copyright (C) 2002-2013, and GNU GPL'd, by Julian Seward et al.
==12145== Using Valgrind-3.10.0.SVN and LibVEX; rerun with -h for copyright info
==12145== Command: bin/CPU config/cpu.conf
==12145== 
==12145== Invalid read of size 1
==12145==    at 0x4C2E0F4: strlen (in /usr/lib/valgrind/vgpreload_memcheck-amd64-linux.so)
==12145==    by 0x4E3CB12: dictionary_get_element (in /usr/lib/libcommons.so)
==12145==    by 0x4E3C661: dictionary_get (in /usr/lib/libcommons.so)
==12145==    by 0x4014A6: eu_decode (execution_unit.c:49)
==12145==    by 0x4010D7: main (cpu.c:32)
==12145==  Address 0x5811344 is 0 bytes after a block of size 4 alloc'd
==12145==    at 0x4C2AB80: malloc (in /usr/lib/valgrind/vgpreload_memcheck-amd64-linux.so)
==12145==    by 0x4018B1: solicitar_memoria (execution_unit.c:158)
==12145==    by 0x4010C7: main (cpu.c:31)
==12145== 
==12145== Invalid read of size 1
==12145==    at 0x54938F3: vfprintf (vfprintf.c:1661)
==12145==    by 0x549C388: printf (printf.c:33)
==12145==    by 0x5245C78: ejecucion_instruccion (in /usr/lib/libansisop-panel.so)
==12145==    by 0x401562: eu_ejecutar (execution_unit.c:65)
==12145==    by 0x4010E8: main (cpu.c:33)
==12145==  Address 0x5811344 is 0 bytes after a block of size 4 alloc'd
==12145==    at 0x4C2AB80: malloc (in /usr/lib/valgrind/vgpreload_memcheck-amd64-linux.so)
==12145==    by 0x4018B1: solicitar_memoria (execution_unit.c:158)
==12145==    by 0x4010C7: main (cpu.c:31)
==12145== 
Comienza a ejecutar el hilo { PID: 1, TID: 0 }
Ejecutar instrucción LOAD; Parámetros: [A, 7]
Registros: { A: 7, B: 0, C: 0, D: 0, E: 0, M: 0, P: 0, X: 1048576, S: 1048576, K: 0, I: 1 }
Ejecutar instrucción LOAD; Parámetros: [B, 90]
Registros: { A: 7, B: 90, C: 0, D: 0, E: 0, M: 0, P: 9, X: 1048576, S: 1048576, K: 0, I: 1 }
Ejecutar instrucción MULR; Parámetros: [A, B]
Registros: { A: 630, B: 90, C: 0, D: 0, E: 0, M: 0, P: 18, X: 1048576, S: 1048576, K: 0, I: 1 }
Ejecutar instrucción LOAD; Parámetros: [B, 5]
Registros: { A: 630, B: 5, C: 0, D: 0, E: 0, M: 0, P: 24, X: 1048576, S: 1048576, K: 0, I: 1 }
La CPU empieza a estar iddle
Comienza a ejecutar el hilo { PID: 1, TID: 0 }
Ejecutar instrucción ADDR; Parámetros: [A, B]
Registros: { A: 635, B: 5, C: 0, D: 0, E: 0, M: 0, P: 33, X: 1048576, S: 1048576, K: 0, I: 1 }
Ejecutar instrucción DECR; Parámetros: [A]
Registros: { A: 634, B: 5, C: 0, D: 0, E: 0, M: 0, P: 39, X: 1048576, S: 1048576, K: 0, I: 1 }
Ejecutar instrucción LOAD; Parámetros: [B, 2]
Registros: { A: 634, B: 2, C: 0, D: 0, E: 0, M: 0, P: 44, X: 1048576, S: 1048576, K: 0, I: 1 }
Ejecutar instrucción DIVR; Parámetros: [A, B]
Registros: { A: 317, B: 2, C: 0, D: 0, E: 0, M: 0, P: 53, X: 1048576, S: 1048576, K: 0, I: 1 }
La CPU empieza a estar iddle
Comienza a ejecutar el hilo { PID: 1, TID: 0 }
Ejecutar instrucción LOAD; Parámetros: [B, 40]
Registros: { A: 317, B: 40, C: 0, D: 0, E: 0, M: 0, P: 59, X: 1048576, S: 1048576, K: 0, I: 1 }
Ejecutar instrucción MODR; Parámetros: [A, B]
Registros: { A: 37, B: 40, C: 0, D: 0, E: 0, M: 0, P: 68, X: 1048576, S: 1048576, K: 0, I: 1 }
Ejecutar instrucción LOAD; Parámetros: [B, 300]
Registros: { A: 37, B: 300, C: 0, D: 0, E: 0, M: 0, P: 74, X: 1048576, S: 1048576, K: 0, I: 1 }
Ejecutar instrucción SUBR; Parámetros: [A, B]
Registros: { A: -263, B: 300, C: 0, D: 0, E: 0, M: 0, P: 83, X: 1048576, S: 1048576, K: 0, I: 1 }
La CPU empieza a estar iddle
Comienza a ejecutar el hilo { PID: 1, TID: 0 }
Ejecutar instrucción INCR; Parámetros: [A]
Registros: { A: -262, B: 300, C: 0, D: 0, E: 0, M: 0, P: 89, X: 1048576, S: 1048576, K: 0, I: 1 }
Ejecutar instrucción XXXX; Parámetros: []
Registros: { A: -262, B: 300, C: 0, D: 0, E: 0, M: 0, P: 94, X: 1048576, S: 1048576, K: 0, I: 1 }
La CPU empieza a estar iddle
==12145== 
==12145== HEAP SUMMARY:
==12145==     in use at exit: 1,683 bytes in 100 blocks
==12145==   total heap usage: 472 allocs, 372 frees, 8,759 bytes allocated
==12145== 
==12145== 0 bytes in 4 blocks are definitely lost in loss record 1 of 87
==12145==    at 0x4C2AB80: malloc (in /usr/lib/valgrind/vgpreload_memcheck-amd64-linux.so)
==12145==    by 0x50423B5: tcb_message (in /usr/lib/libutiles.so)
==12145==    by 0x401647: devolver_hilo (execution_unit.c:84)
==12145==    by 0x401125: main (cpu.c:44)
==12145== 
==12145== 2 bytes in 1 blocks are definitely lost in loss record 2 of 87
==12145==    at 0x4C2AB80: malloc (in /usr/lib/valgrind/vgpreload_memcheck-amd64-linux.so)
==12145==    by 0x401730: fetch_operand (execution_unit.c:108)
==12145==    by 0x401E64: mulr (set_instrucciones.c:92)
==12145==    by 0x40154C: eu_ejecutar (execution_unit.c:63)
==12145==    by 0x4010E8: main (cpu.c:33)
==12145== 
==12145== 2 bytes in 1 blocks are definitely lost in loss record 3 of 87
==12145==    at 0x4C2AB80: malloc (in /usr/lib/valgrind/vgpreload_memcheck-amd64-linux.so)
==12145==    by 0x401730: fetch_operand (execution_unit.c:108)
==12145==    by 0x401E74: mulr (set_instrucciones.c:93)
==12145==    by 0x40154C: eu_ejecutar (execution_unit.c:63)
==12145==    by 0x4010E8: main (cpu.c:33)
==12145== 
==12145== 2 bytes in 1 blocks are definitely lost in loss record 4 of 87
==12145==    at 0x4C2AB80: malloc (in /usr/lib/valgrind/vgpreload_memcheck-amd64-linux.so)
==12145==    by 0x401730: fetch_operand (execution_unit.c:108)
==12145==    by 0x401D9E: addr (set_instrucciones.c:74)
==12145==    by 0x40154C: eu_ejecutar (execution_unit.c:63)
==12145==    by 0x4010E8: main (cpu.c:33)
==12145== 
==12145== 2 bytes in 1 blocks are definitely lost in loss record 5 of 87
==12145==    at 0x4C2AB80: malloc (in /usr/lib/valgrind/vgpreload_memcheck-amd64-linux.so)
==12145==    by 0x401730: fetch_operand (execution_unit.c:108)
==12145==    by 0x401DAE: addr (set_instrucciones.c:75)
==12145==    by 0x40154C: eu_ejecutar (execution_unit.c:63)
==12145==    by 0x4010E8: main (cpu.c:33)
==12145== 
==12145== 2 bytes in 1 blocks are definitely lost in loss record 6 of 87
==12145==    at 0x4C2AB80: malloc (in /usr/lib/valgrind/vgpreload_memcheck-amd64-linux.so)
==12145==    by 0x401730: fetch_operand (execution_unit.c:108)
==12145==    by 0x402006: decr (set_instrucciones.c:134)
==12145==    by 0x40154C: eu_ejecutar (execution_unit.c:63)
==12145==    by 0x4010E8: main (cpu.c:33)
==12145== 
==12145== 2 bytes in 1 blocks are definitely lost in loss record 7 of 87
==12145==    at 0x4C2AB80: malloc (in /usr/lib/valgrind/vgpreload_memcheck-amd64-linux.so)
==12145==    by 0x401730: fetch_operand (execution_unit.c:108)
==12145==    by 0x401F2B: divr (set_instrucciones.c:110)
==12145==    by 0x40154C: eu_ejecutar (execution_unit.c:63)
==12145==    by 0x4010E8: main (cpu.c:33)
==12145== 
==12145== 2 bytes in 1 blocks are definitely lost in loss record 8 of 87
==12145==    at 0x4C2AB80: malloc (in /usr/lib/valgrind/vgpreload_memcheck-amd64-linux.so)
==12145==    by 0x401730: fetch_operand (execution_unit.c:108)
==12145==    by 0x401F3B: divr (set_instrucciones.c:111)
==12145==    by 0x40154C: eu_ejecutar (execution_unit.c:63)
==12145==    by 0x4010E8: main (cpu.c:33)
==12145== 
==12145== 2 bytes in 1 blocks are definitely lost in loss record 9 of 87
==12145==    at 0x4C2AB80: malloc (in /usr/lib/valgrind/vgpreload_memcheck-amd64-linux.so)
==12145==    by 0x401730: fetch_operand (execution_unit.c:108)
==12145==    by 0x401EC7: modr (set_instrucciones.c:101)
==12145==    by 0x40154C: eu_ejecutar (execution_unit.c:63)
==12145==    by 0x4010E8: main (cpu.c:33)
==12145== 
==12145== 2 bytes in 1 blocks are definitely lost in loss record 10 of 87
==12145==    at 0x4C2AB80: malloc (in /usr/lib/valgrind/vgpreload_memcheck-amd64-linux.so)
==12145==    by 0x401730: fetch_operand (execution_unit.c:108)
==12145==    by 0x401ED7: modr (set_instrucciones.c:102)
==12145==    by 0x40154C: eu_ejecutar (execution_unit.c:63)
==12145==    by 0x4010E8: main (cpu.c:33)
==12145== 
==12145== 2 bytes in 1 blocks are definitely lost in loss record 11 of 87
==12145==    at 0x4C2AB80: malloc (in /usr/lib/valgrind/vgpreload_memcheck-amd64-linux.so)
==12145==    by 0x401730: fetch_operand (execution_unit.c:108)
==12145==    by 0x401E00: subr (set_instrucciones.c:83)
==12145==    by 0x40154C: eu_ejecutar (execution_unit.c:63)
==12145==    by 0x4010E8: main (cpu.c:33)
==12145== 
==12145== 2 bytes in 1 blocks are definitely lost in loss record 12 of 87
==12145==    at 0x4C2AB80: malloc (in /usr/lib/valgrind/vgpreload_memcheck-amd64-linux.so)
==12145==    by 0x401730: fetch_operand (execution_unit.c:108)
==12145==    by 0x401E10: subr (set_instrucciones.c:84)
==12145==    by 0x40154C: eu_ejecutar (execution_unit.c:63)
==12145==    by 0x4010E8: main (cpu.c:33)
==12145== 
==12145== 2 bytes in 1 blocks are definitely lost in loss record 13 of 87
==12145==    at 0x4C2AB80: malloc (in /usr/lib/valgrind/vgpreload_memcheck-amd64-linux.so)
==12145==    by 0x401730: fetch_operand (execution_unit.c:108)
==12145==    by 0x401FCC: incr (set_instrucciones.c:127)
==12145==    by 0x40154C: eu_ejecutar (execution_unit.c:63)
==12145==    by 0x4010E8: main (cpu.c:33)
==12145== 
==12145== 12 bytes in 6 blocks are definitely lost in loss record 47 of 87
==12145==    at 0x4C2AB80: malloc (in /usr/lib/valgrind/vgpreload_memcheck-amd64-linux.so)
==12145==    by 0x401730: fetch_operand (execution_unit.c:108)
==12145==    by 0x401B92: load (set_instrucciones.c:25)
==12145==    by 0x40154C: eu_ejecutar (execution_unit.c:63)
==12145==    by 0x4010E8: main (cpu.c:33)
==12145== 
==12145== 16 bytes in 6 blocks are definitely lost in loss record 49 of 87
==12145==    at 0x4C2CE8E: realloc (in /usr/lib/valgrind/vgpreload_memcheck-amd64-linux.so)
==12145==    by 0x4E3A6C9: string_append (in /usr/lib/libcommons.so)
==12145==    by 0x4E3AF6D: _string_append_with_format_list (in /usr/lib/libcommons.so)
==12145==    by 0x4E3A7E3: string_from_vformat (in /usr/lib/libcommons.so)
==12145==    by 0x4E3A79E: string_from_format (in /usr/lib/libcommons.so)
==12145==    by 0x4E3A80A: string_itoa (in /usr/lib/libcommons.so)
==12145==    by 0x401790: fetch_operand (execution_unit.c:115)
==12145==    by 0x401BA2: load (set_instrucciones.c:26)
==12145==    by 0x40154C: eu_ejecutar (execution_unit.c:63)
==12145==    by 0x4010E8: main (cpu.c:33)
==12145== 
==12145== LEAK SUMMARY:
==12145==    definitely lost: 52 bytes in 28 blocks
==12145==    indirectly lost: 0 bytes in 0 blocks
==12145==      possibly lost: 0 bytes in 0 blocks
==12145==    still reachable: 1,631 bytes in 72 blocks
==12145==         suppressed: 0 bytes in 0 blocks
==12145== Reachable blocks (those to which a pointer was found) are not shown.
==12145== To see them, rerun with: --leak-check=full --show-leak-kinds=all
==12145== 
==12145== For counts of detected and suppressed errors, rerun with: -v
==12145== ERROR SUMMARY: 43 errors from 17 contexts (suppressed: 0 from 0)
