[TRACE] 12:08:36:783 MSP/(6401:6401): Inicio de MSP.
	Tamaño de página: 102400.
	Tamaño de swap: 10485760.
[TRACE] 12:10:07:701 MSP/(6401:6402): Segmento 0 del proceso 78 creado correctamente.
[TRACE] 12:10:32:566 MSP/(6401:6402): Segmento 0 del proceso 78 destruido correctamente.
[TRACE] 12:11:20:389 MSP/(6401:6402): Segmento 0 del proceso 1 creado correctamente.
[TRACE] 12:12:29:698 MSP/(6401:6402): Intercambio de página 3 del segmento 0 del proceso 1 desde disco.
[TRACE] 12:12:29:698 MSP/(6401:6402): Marco 0 asignado al proceso 1.
[TRACE] 12:12:29:698 MSP/(6401:6402): Intercambio de página 4 del segmento 0 del proceso 1 desde disco.
[TRACE] 12:12:29:698 MSP/(6401:6402): Marco 1 asignado al proceso 1.
[TRACE] 12:17:13:670 MSP/(6401:6402): Segmento 0 del proceso 56 creado correctamente.
[TRACE] 12:17:14:717 MSP/(6401:6402): Segmento 1 del proceso 56 creado correctamente.
[TRACE] 12:17:15:574 MSP/(6401:6402): Segmento 2 del proceso 56 creado correctamente.
[TRACE] 12:17:16:357 MSP/(6401:6402): Segmento 3 del proceso 56 creado correctamente.
[TRACE] 12:17:17:121 MSP/(6401:6402): Segmento 4 del proceso 56 creado correctamente.
[TRACE] 12:17:17:908 MSP/(6401:6402): Segmento 5 del proceso 56 creado correctamente.
[TRACE] 12:17:18:728 MSP/(6401:6402): Segmento 6 del proceso 56 creado correctamente.
[TRACE] 12:17:19:517 MSP/(6401:6402): Segmento 7 del proceso 56 creado correctamente.
[TRACE] 12:17:21:23 MSP/(6401:6402): Segmento 8 del proceso 56 creado correctamente.
[TRACE] 12:17:22:69 MSP/(6401:6402): Espacio de intercambio llleno.
[TRACE] 12:17:22:69 MSP/(6401:6402): Marco 2 asignado al proceso 56.
[TRACE] 12:17:22:69 MSP/(6401:6402): Marco 3 asignado al proceso 56.
[TRACE] 12:17:22:69 MSP/(6401:6402): Marco 4 asignado al proceso 56.
[TRACE] 12:17:22:69 MSP/(6401:6402): Marco 5 asignado al proceso 56.
[TRACE] 12:17:22:69 MSP/(6401:6402): Marco 6 asignado al proceso 56.
[TRACE] 12:17:22:69 MSP/(6401:6402): Marco 7 asignado al proceso 56.
[TRACE] 12:17:22:69 MSP/(6401:6402): Marco 8 asignado al proceso 56.
[TRACE] 12:17:22:69 MSP/(6401:6402): Marco 9 asignado al proceso 56.
[TRACE] 12:17:22:69 MSP/(6401:6402): Marco 10 asignado al proceso 56.
[TRACE] 12:17:22:69 MSP/(6401:6402): Marco 11 asignado al proceso 56.
[TRACE] 12:17:22:69 MSP/(6401:6402): Marco 12 asignado al proceso 56.
[TRACE] 12:17:22:69 MSP/(6401:6402): Marco 13 asignado al proceso 56.
[TRACE] 12:17:22:69 MSP/(6401:6402): Marco 14 asignado al proceso 56.
[TRACE] 12:17:22:69 MSP/(6401:6402): Marco 15 asignado al proceso 56.
[TRACE] 12:17:22:69 MSP/(6401:6402): Marco 16 asignado al proceso 56.
[TRACE] 12:17:22:69 MSP/(6401:6402): Marco 17 asignado al proceso 56.
[TRACE] 12:17:22:69 MSP/(6401:6402): Marco 18 asignado al proceso 56.
[TRACE] 12:17:22:69 MSP/(6401:6402): Marco 19 asignado al proceso 56.
[TRACE] 12:17:22:69 MSP/(6401:6402): Marco 20 asignado al proceso 56.
[TRACE] 12:17:22:69 MSP/(6401:6402): Marco 21 asignado al proceso 56.
[TRACE] 12:17:22:69 MSP/(6401:6402): Marco 22 asignado al proceso 56.
[TRACE] 12:17:22:69 MSP/(6401:6402): Marco 23 asignado al proceso 56.
[TRACE] 12:17:22:69 MSP/(6401:6402): Marco 24 asignado al proceso 56.
[TRACE] 12:17:22:69 MSP/(6401:6402): Marco 25 asignado al proceso 56.
[TRACE] 12:17:22:69 MSP/(6401:6402): Marco 26 asignado al proceso 56.
[TRACE] 12:17:22:69 MSP/(6401:6402): Marco 27 asignado al proceso 56.
[TRACE] 12:17:22:69 MSP/(6401:6402): Marco 28 asignado al proceso 56.
[TRACE] 12:17:22:69 MSP/(6401:6402): Marco 29 asignado al proceso 56.
[TRACE] 12:17:22:69 MSP/(6401:6402): Marco 30 asignado al proceso 56.
[TRACE] 12:17:22:69 MSP/(6401:6402): Marco 31 asignado al proceso 56.
[TRACE] 12:17:22:69 MSP/(6401:6402): Marco 32 asignado al proceso 56.
[TRACE] 12:17:22:69 MSP/(6401:6402): Marco 33 asignado al proceso 56.
[TRACE] 12:17:22:69 MSP/(6401:6402): Marco 34 asignado al proceso 56.
[TRACE] 12:17:22:69 MSP/(6401:6402): Marco 35 asignado al proceso 56.
[TRACE] 12:17:22:69 MSP/(6401:6402): Marco 36 asignado al proceso 56.
[TRACE] 12:17:22:69 MSP/(6401:6402): Marco 37 asignado al proceso 56.
[TRACE] 12:17:22:69 MSP/(6401:6402): Marco 38 asignado al proceso 56.
[TRACE] 12:17:22:69 MSP/(6401:6402): Marco 39 asignado al proceso 56.
[TRACE] 12:17:22:69 MSP/(6401:6402): Marco 40 asignado al proceso 56.
[TRACE] 12:17:22:69 MSP/(6401:6402): Segmento 9 del proceso 56 creado correctamente.
[TRACE] 12:18:15:872 MSP/(6401:6402): Espacio de intercambio llleno.
[TRACE] 12:18:15:872 MSP/(6401:6402): Marco 41 asignado al proceso 78.
[TRACE] 12:18:15:872 MSP/(6401:6402): Marco 42 asignado al proceso 78.
[TRACE] 12:18:15:872 MSP/(6401:6402): Marco 43 asignado al proceso 78.
[TRACE] 12:18:15:872 MSP/(6401:6402): Marco 44 asignado al proceso 78.
[TRACE] 12:18:15:872 MSP/(6401:6402): Marco 45 asignado al proceso 78.
[TRACE] 12:18:15:872 MSP/(6401:6402): Marco 46 asignado al proceso 78.
[TRACE] 12:18:15:872 MSP/(6401:6402): Marco 47 asignado al proceso 78.
[TRACE] 12:18:15:872 MSP/(6401:6402): Marco 48 asignado al proceso 78.
[TRACE] 12:18:15:872 MSP/(6401:6402): Marco 49 asignado al proceso 78.
[TRACE] 12:18:15:872 MSP/(6401:6402): Marco 50 asignado al proceso 78.
[TRACE] 12:18:15:872 MSP/(6401:6402): Marco 51 asignado al proceso 78.
[TRACE] 12:18:15:872 MSP/(6401:6402): Marco 52 asignado al proceso 78.
[TRACE] 12:18:15:872 MSP/(6401:6402): Marco 53 asignado al proceso 78.
[TRACE] 12:18:15:872 MSP/(6401:6402): Marco 54 asignado al proceso 78.
[TRACE] 12:18:15:872 MSP/(6401:6402): Marco 55 asignado al proceso 78.
[TRACE] 12:18:15:872 MSP/(6401:6402): Marco 56 asignado al proceso 78.
[TRACE] 12:18:15:872 MSP/(6401:6402): Marco 57 asignado al proceso 78.
[TRACE] 12:18:15:872 MSP/(6401:6402): Marco 58 asignado al proceso 78.
[TRACE] 12:18:15:872 MSP/(6401:6402): Marco 59 asignado al proceso 78.
[TRACE] 12:18:15:872 MSP/(6401:6402): Marco 60 asignado al proceso 78.
[TRACE] 12:18:15:872 MSP/(6401:6402): Marco 61 asignado al proceso 78.
[TRACE] 12:18:15:872 MSP/(6401:6402): Marco 62 asignado al proceso 78.
[TRACE] 12:18:15:872 MSP/(6401:6402): Marco 63 asignado al proceso 78.
[TRACE] 12:18:15:872 MSP/(6401:6402): Marco 64 asignado al proceso 78.
[TRACE] 12:18:15:872 MSP/(6401:6402): Marco 65 asignado al proceso 78.
[TRACE] 12:18:15:872 MSP/(6401:6402): Marco 66 asignado al proceso 78.
[TRACE] 12:18:15:872 MSP/(6401:6402): Marco 67 asignado al proceso 78.
[TRACE] 12:18:15:872 MSP/(6401:6402): Marco 68 asignado al proceso 78.
[TRACE] 12:18:15:872 MSP/(6401:6402): Marco 69 asignado al proceso 78.
[TRACE] 12:18:15:872 MSP/(6401:6402): Marco 70 asignado al proceso 78.
[TRACE] 12:18:15:873 MSP/(6401:6402): Marco 71 asignado al proceso 78.
[TRACE] 12:18:15:873 MSP/(6401:6402): Marco 72 asignado al proceso 78.
[TRACE] 12:18:15:873 MSP/(6401:6402): Marco 73 asignado al proceso 78.
[TRACE] 12:18:15:873 MSP/(6401:6402): Marco 74 asignado al proceso 78.
[TRACE] 12:18:15:873 MSP/(6401:6402): Marco 75 asignado al proceso 78.
[TRACE] 12:18:15:873 MSP/(6401:6402): Marco 76 asignado al proceso 78.
[TRACE] 12:18:15:873 MSP/(6401:6402): Marco 77 asignado al proceso 78.
[TRACE] 12:18:15:873 MSP/(6401:6402): Marco 78 asignado al proceso 78.
[TRACE] 12:18:15:873 MSP/(6401:6402): Marco 79 asignado al proceso 78.
[TRACE] 12:18:15:873 MSP/(6401:6402): Marco 80 asignado al proceso 78.
[TRACE] 12:18:15:873 MSP/(6401:6402): Marco 81 asignado al proceso 78.
[TRACE] 12:18:15:873 MSP/(6401:6402): Marco 82 asignado al proceso 78.
[TRACE] 12:18:15:873 MSP/(6401:6402): Marco 83 asignado al proceso 78.
[TRACE] 12:18:15:873 MSP/(6401:6402): Marco 84 asignado al proceso 78.
[TRACE] 12:18:15:873 MSP/(6401:6402): Marco 85 asignado al proceso 78.
[TRACE] 12:18:15:873 MSP/(6401:6402): Marco 86 asignado al proceso 78.
[TRACE] 12:18:15:873 MSP/(6401:6402): Marco 87 asignado al proceso 78.
[TRACE] 12:18:15:873 MSP/(6401:6402): Marco 88 asignado al proceso 78.
[TRACE] 12:18:15:873 MSP/(6401:6402): Marco 89 asignado al proceso 78.
[TRACE] 12:18:15:873 MSP/(6401:6402): Marco 90 asignado al proceso 78.
[TRACE] 12:18:15:873 MSP/(6401:6402): Marco 91 asignado al proceso 78.
[TRACE] 12:18:15:873 MSP/(6401:6402): Marco 92 asignado al proceso 78.
[TRACE] 12:18:15:873 MSP/(6401:6402): Marco 93 asignado al proceso 78.
[TRACE] 12:18:15:873 MSP/(6401:6402): Marco 94 asignado al proceso 78.
[TRACE] 12:18:15:873 MSP/(6401:6402): Marco 95 asignado al proceso 78.
[TRACE] 12:18:15:873 MSP/(6401:6402): Marco 96 asignado al proceso 78.
[TRACE] 12:18:15:873 MSP/(6401:6402): Marco 97 asignado al proceso 78.
[TRACE] 12:18:15:873 MSP/(6401:6402): Marco 98 asignado al proceso 78.
[TRACE] 12:18:15:873 MSP/(6401:6402): Marco 99 asignado al proceso 78.
[TRACE] 12:18:15:873 MSP/(6401:6402): Marco 100 asignado al proceso 78.
[TRACE] 12:18:15:873 MSP/(6401:6402): Marco 101 asignado al proceso 78.
[TRACE] 12:18:15:873 MSP/(6401:6402): Marco 102 asignado al proceso 78.
[TRACE] 12:18:15:873 MSP/(6401:6402): Marco 103 asignado al proceso 78.
[TRACE] 12:18:15:873 MSP/(6401:6402): Marco 104 asignado al proceso 78.
[TRACE] 12:18:15:873 MSP/(6401:6402): Marco 105 asignado al proceso 78.
[TRACE] 12:18:15:873 MSP/(6401:6402): Marco 106 asignado al proceso 78.
[TRACE] 12:18:15:873 MSP/(6401:6402): Marco 107 asignado al proceso 78.
[TRACE] 12:18:15:873 MSP/(6401:6402): Marco 108 asignado al proceso 78.
[TRACE] 12:18:15:873 MSP/(6401:6402): Marco 109 asignado al proceso 78.
[TRACE] 12:18:15:873 MSP/(6401:6402): Marco 110 asignado al proceso 78.
[TRACE] 12:18:15:873 MSP/(6401:6402): Marco 111 asignado al proceso 78.
[TRACE] 12:18:15:873 MSP/(6401:6402): Marco 112 asignado al proceso 78.
[TRACE] 12:18:15:873 MSP/(6401:6402): Marco 113 asignado al proceso 78.
[TRACE] 12:18:15:873 MSP/(6401:6402): Marco 114 asignado al proceso 78.
[TRACE] 12:18:15:873 MSP/(6401:6402): Marco 115 asignado al proceso 78.
[TRACE] 12:18:15:873 MSP/(6401:6402): Marco 116 asignado al proceso 78.
[TRACE] 12:18:15:873 MSP/(6401:6402): Marco 117 asignado al proceso 78.
[TRACE] 12:18:15:873 MSP/(6401:6402): Marco 118 asignado al proceso 78.
[TRACE] 12:18:15:873 MSP/(6401:6402): Marco 119 asignado al proceso 78.
[TRACE] 12:18:15:873 MSP/(6401:6402): Marco 120 asignado al proceso 78.
[TRACE] 12:18:15:873 MSP/(6401:6402): Marco 121 asignado al proceso 78.
[TRACE] 12:18:15:873 MSP/(6401:6402): Marco 122 asignado al proceso 78.
[TRACE] 12:18:15:873 MSP/(6401:6402): Marco 123 asignado al proceso 78.
[TRACE] 12:18:15:873 MSP/(6401:6402): Marco 124 asignado al proceso 78.
[TRACE] 12:18:15:873 MSP/(6401:6402): Marco 125 asignado al proceso 78.
[TRACE] 12:18:15:873 MSP/(6401:6402): Marco 126 asignado al proceso 78.
[TRACE] 12:18:15:873 MSP/(6401:6402): Marco 127 asignado al proceso 78.
[TRACE] 12:18:15:873 MSP/(6401:6402): Marco 128 asignado al proceso 78.
[TRACE] 12:18:15:873 MSP/(6401:6402): Marco 129 asignado al proceso 78.
[TRACE] 12:18:15:873 MSP/(6401:6402): Marco 130 asignado al proceso 78.
[TRACE] 12:18:15:873 MSP/(6401:6402): Marco 131 asignado al proceso 78.
[TRACE] 12:18:15:873 MSP/(6401:6402): Marco 132 asignado al proceso 78.
[TRACE] 12:18:15:873 MSP/(6401:6402): Marco 133 asignado al proceso 78.
[TRACE] 12:18:15:873 MSP/(6401:6402): Marco 134 asignado al proceso 78.
[TRACE] 12:18:15:873 MSP/(6401:6402): Marco 135 asignado al proceso 78.
[TRACE] 12:18:15:873 MSP/(6401:6402): Marco 136 asignado al proceso 78.
[TRACE] 12:18:15:874 MSP/(6401:6402): Marco 137 asignado al proceso 78.
[TRACE] 12:18:15:874 MSP/(6401:6402): Marco 138 asignado al proceso 78.
[TRACE] 12:18:15:874 MSP/(6401:6402): Marco 139 asignado al proceso 78.
[TRACE] 12:18:15:874 MSP/(6401:6402): Marco 140 asignado al proceso 78.
[TRACE] 12:18:15:874 MSP/(6401:6402): Marco 141 asignado al proceso 78.
[TRACE] 12:18:15:874 MSP/(6401:6402): Marco 142 asignado al proceso 78.
[TRACE] 12:18:15:874 MSP/(6401:6402): Marco 143 asignado al proceso 78.
[TRACE] 12:18:15:874 MSP/(6401:6402): Marco 144 asignado al proceso 78.
[TRACE] 12:18:15:874 MSP/(6401:6402): Marco 145 asignado al proceso 78.
[TRACE] 12:18:15:874 MSP/(6401:6402): Marco 146 asignado al proceso 78.
[TRACE] 12:18:15:874 MSP/(6401:6402): Marco 147 asignado al proceso 78.
[TRACE] 12:18:15:874 MSP/(6401:6402): Marco 148 asignado al proceso 78.
[TRACE] 12:18:15:874 MSP/(6401:6402): Marco 149 asignado al proceso 78.
[TRACE] 12:18:15:874 MSP/(6401:6402): Marco 150 asignado al proceso 78.
[TRACE] 12:18:15:874 MSP/(6401:6402): Marco 151 asignado al proceso 78.
[TRACE] 12:18:15:874 MSP/(6401:6402): Marco 152 asignado al proceso 78.
[TRACE] 12:18:15:874 MSP/(6401:6402): Marco 153 asignado al proceso 78.
[TRACE] 12:18:15:874 MSP/(6401:6402): Marco 154 asignado al proceso 78.
[TRACE] 12:18:15:874 MSP/(6401:6402): Marco 155 asignado al proceso 78.
[TRACE] 12:18:15:874 MSP/(6401:6402): Marco 156 asignado al proceso 78.
[TRACE] 12:18:15:874 MSP/(6401:6402): Marco 157 asignado al proceso 78.
[TRACE] 12:18:15:874 MSP/(6401:6402): Marco 158 asignado al proceso 78.
[TRACE] 12:18:15:874 MSP/(6401:6402): Marco 159 asignado al proceso 78.
[TRACE] 12:18:15:874 MSP/(6401:6402): Marco 160 asignado al proceso 78.
[TRACE] 12:18:15:874 MSP/(6401:6402): Marco 161 asignado al proceso 78.
[TRACE] 12:18:15:874 MSP/(6401:6402): Marco 162 asignado al proceso 78.
[TRACE] 12:18:15:874 MSP/(6401:6402): Marco 163 asignado al proceso 78.
[TRACE] 12:18:15:874 MSP/(6401:6402): Marco 164 asignado al proceso 78.
[TRACE] 12:18:15:874 MSP/(6401:6402): Marco 165 asignado al proceso 78.
[TRACE] 12:18:15:874 MSP/(6401:6402): Marco 166 asignado al proceso 78.
[TRACE] 12:18:15:874 MSP/(6401:6402): Marco 167 asignado al proceso 78.
[TRACE] 12:18:15:874 MSP/(6401:6402): Marco 168 asignado al proceso 78.
[TRACE] 12:18:15:874 MSP/(6401:6402): Marco 169 asignado al proceso 78.
[TRACE] 12:18:15:874 MSP/(6401:6402): Marco 170 asignado al proceso 78.
[TRACE] 12:18:15:874 MSP/(6401:6402): Marco 171 asignado al proceso 78.
[TRACE] 12:18:15:874 MSP/(6401:6402): Marco 172 asignado al proceso 78.
[TRACE] 12:18:15:874 MSP/(6401:6402): Marco 173 asignado al proceso 78.
[TRACE] 12:18:15:874 MSP/(6401:6402): Marco 174 asignado al proceso 78.
[TRACE] 12:18:15:874 MSP/(6401:6402): Marco 175 asignado al proceso 78.
[TRACE] 12:18:15:874 MSP/(6401:6402): Marco 176 asignado al proceso 78.
[TRACE] 12:18:15:874 MSP/(6401:6402): Marco 177 asignado al proceso 78.
[TRACE] 12:18:15:874 MSP/(6401:6402): Marco 178 asignado al proceso 78.
[TRACE] 12:18:15:874 MSP/(6401:6402): Marco 179 asignado al proceso 78.
[TRACE] 12:18:15:874 MSP/(6401:6402): Marco 180 asignado al proceso 78.
[TRACE] 12:18:15:874 MSP/(6401:6402): Marco 181 asignado al proceso 78.
[TRACE] 12:18:15:874 MSP/(6401:6402): Marco 182 asignado al proceso 78.
[TRACE] 12:18:15:874 MSP/(6401:6402): Marco 183 asignado al proceso 78.
[TRACE] 12:18:15:874 MSP/(6401:6402): Marco 184 asignado al proceso 78.
[TRACE] 12:18:15:874 MSP/(6401:6402): Marco 185 asignado al proceso 78.
[TRACE] 12:18:15:874 MSP/(6401:6402): Marco 186 asignado al proceso 78.
[TRACE] 12:18:15:874 MSP/(6401:6402): Marco 187 asignado al proceso 78.
[TRACE] 12:18:15:874 MSP/(6401:6402): Marco 188 asignado al proceso 78.
[TRACE] 12:18:15:874 MSP/(6401:6402): Marco 189 asignado al proceso 78.
[TRACE] 12:18:15:874 MSP/(6401:6402): Marco 190 asignado al proceso 78.
[TRACE] 12:18:15:874 MSP/(6401:6402): Marco 191 asignado al proceso 78.
[TRACE] 12:18:15:874 MSP/(6401:6402): Marco 192 asignado al proceso 78.
[TRACE] 12:18:15:874 MSP/(6401:6402): Marco 193 asignado al proceso 78.
[TRACE] 12:18:15:874 MSP/(6401:6402): Marco 194 asignado al proceso 78.
[TRACE] 12:18:15:874 MSP/(6401:6402): Marco 195 asignado al proceso 78.
[TRACE] 12:18:15:874 MSP/(6401:6402): Marco 196 asignado al proceso 78.
[TRACE] 12:18:15:874 MSP/(6401:6402): Marco 197 asignado al proceso 78.
[TRACE] 12:18:15:875 MSP/(6401:6402): Marco 198 asignado al proceso 78.
[TRACE] 12:18:15:875 MSP/(6401:6402): Marco 199 asignado al proceso 78.
[TRACE] 12:18:15:875 MSP/(6401:6402): Marco 200 asignado al proceso 78.
[TRACE] 12:18:15:875 MSP/(6401:6402): Marco 201 asignado al proceso 78.
[TRACE] 12:18:15:875 MSP/(6401:6402): Marco 202 asignado al proceso 78.
[TRACE] 12:18:15:875 MSP/(6401:6402): Marco 203 asignado al proceso 78.
[TRACE] 12:18:15:875 MSP/(6401:6402): Marco 204 asignado al proceso 78.
[TRACE] 12:18:15:875 MSP/(6401:6402): Marco 205 asignado al proceso 78.
[TRACE] 12:18:15:875 MSP/(6401:6402): Marco 206 asignado al proceso 78.
[TRACE] 12:18:15:875 MSP/(6401:6402): Marco 207 asignado al proceso 78.
[TRACE] 12:18:15:875 MSP/(6401:6402): Marco 208 asignado al proceso 78.
[TRACE] 12:18:15:875 MSP/(6401:6402): Marco 209 asignado al proceso 78.
[TRACE] 12:18:15:875 MSP/(6401:6402): Marco 210 asignado al proceso 78.
[TRACE] 12:18:15:875 MSP/(6401:6402): Marco 211 asignado al proceso 78.
[TRACE] 12:18:15:875 MSP/(6401:6402): Marco 212 asignado al proceso 78.
[TRACE] 12:18:15:875 MSP/(6401:6402): Marco 213 asignado al proceso 78.
[TRACE] 12:18:15:875 MSP/(6401:6402): Marco 214 asignado al proceso 78.
[TRACE] 12:18:15:875 MSP/(6401:6402): Marco 215 asignado al proceso 78.
[TRACE] 12:18:15:875 MSP/(6401:6402): Marco 216 asignado al proceso 78.
[TRACE] 12:18:15:875 MSP/(6401:6402): Marco 217 asignado al proceso 78.
[TRACE] 12:18:15:875 MSP/(6401:6402): Marco 218 asignado al proceso 78.
[TRACE] 12:18:15:875 MSP/(6401:6402): Marco 219 asignado al proceso 78.
[TRACE] 12:18:15:875 MSP/(6401:6402): Marco 220 asignado al proceso 78.
[TRACE] 12:18:15:875 MSP/(6401:6402): Marco 221 asignado al proceso 78.
[TRACE] 12:18:15:875 MSP/(6401:6402): Marco 222 asignado al proceso 78.
[TRACE] 12:18:15:875 MSP/(6401:6402): Marco 223 asignado al proceso 78.
[TRACE] 12:18:15:875 MSP/(6401:6402): Marco 224 asignado al proceso 78.
[TRACE] 12:18:15:875 MSP/(6401:6402): Marco 225 asignado al proceso 78.
[TRACE] 12:18:15:875 MSP/(6401:6402): Marco 226 asignado al proceso 78.
[TRACE] 12:18:15:875 MSP/(6401:6402): Marco 227 asignado al proceso 78.
[TRACE] 12:18:15:875 MSP/(6401:6402): Marco 228 asignado al proceso 78.
[TRACE] 12:18:15:875 MSP/(6401:6402): Marco 229 asignado al proceso 78.
[TRACE] 12:18:15:875 MSP/(6401:6402): Marco 230 asignado al proceso 78.
[TRACE] 12:18:15:875 MSP/(6401:6402): Marco 231 asignado al proceso 78.
[TRACE] 12:18:15:875 MSP/(6401:6402): Marco 232 asignado al proceso 78.
[TRACE] 12:18:15:875 MSP/(6401:6402): Marco 233 asignado al proceso 78.
[TRACE] 12:18:15:875 MSP/(6401:6402): Marco 234 asignado al proceso 78.
[TRACE] 12:18:15:875 MSP/(6401:6402): Marco 235 asignado al proceso 78.
[TRACE] 12:18:15:875 MSP/(6401:6402): Marco 236 asignado al proceso 78.
[TRACE] 12:18:15:875 MSP/(6401:6402): Marco 237 asignado al proceso 78.
[TRACE] 12:18:15:875 MSP/(6401:6402): Marco 238 asignado al proceso 78.
[TRACE] 12:18:15:875 MSP/(6401:6402): Marco 239 asignado al proceso 78.
[TRACE] 12:18:15:875 MSP/(6401:6402): Marco 240 asignado al proceso 78.
[TRACE] 12:18:15:875 MSP/(6401:6402): Marco 241 asignado al proceso 78.
[TRACE] 12:18:15:875 MSP/(6401:6402): Marco 242 asignado al proceso 78.
[TRACE] 12:18:15:875 MSP/(6401:6402): Marco 243 asignado al proceso 78.
[TRACE] 12:18:15:875 MSP/(6401:6402): Marco 244 asignado al proceso 78.
[TRACE] 12:18:15:875 MSP/(6401:6402): Marco 245 asignado al proceso 78.
[TRACE] 12:18:15:875 MSP/(6401:6402): Marco 246 asignado al proceso 78.
[TRACE] 12:18:15:875 MSP/(6401:6402): Marco 247 asignado al proceso 78.
[TRACE] 12:18:15:875 MSP/(6401:6402): Marco 248 asignado al proceso 78.
[TRACE] 12:18:15:875 MSP/(6401:6402): Marco 249 asignado al proceso 78.
[TRACE] 12:18:15:875 MSP/(6401:6402): Marco 250 asignado al proceso 78.
[TRACE] 12:18:15:875 MSP/(6401:6402): Marco 251 asignado al proceso 78.
[TRACE] 12:18:15:875 MSP/(6401:6402): Marco 252 asignado al proceso 78.
[TRACE] 12:18:15:875 MSP/(6401:6402): Marco 253 asignado al proceso 78.
[TRACE] 12:18:15:875 MSP/(6401:6402): Marco 254 asignado al proceso 78.
[TRACE] 12:18:15:875 MSP/(6401:6402): Marco 255 asignado al proceso 78.
[TRACE] 12:18:15:875 MSP/(6401:6402): Marco 256 asignado al proceso 78.
[TRACE] 12:18:15:875 MSP/(6401:6402): Marco 257 asignado al proceso 78.
[TRACE] 12:18:15:876 MSP/(6401:6402): Marco 258 asignado al proceso 78.
[TRACE] 12:18:15:876 MSP/(6401:6402): Marco 259 asignado al proceso 78.
[TRACE] 12:18:15:876 MSP/(6401:6402): Marco 260 asignado al proceso 78.
[TRACE] 12:18:15:876 MSP/(6401:6402): Marco 261 asignado al proceso 78.
[TRACE] 12:18:15:876 MSP/(6401:6402): Marco 262 asignado al proceso 78.
[TRACE] 12:18:15:876 MSP/(6401:6402): Marco 263 asignado al proceso 78.
[TRACE] 12:18:15:876 MSP/(6401:6402): Marco 264 asignado al proceso 78.
[TRACE] 12:18:15:876 MSP/(6401:6402): Marco 265 asignado al proceso 78.
[TRACE] 12:18:15:876 MSP/(6401:6402): Marco 266 asignado al proceso 78.
[TRACE] 12:18:15:876 MSP/(6401:6402): Marco 267 asignado al proceso 78.
[TRACE] 12:18:15:876 MSP/(6401:6402): Marco 268 asignado al proceso 78.
[TRACE] 12:18:15:876 MSP/(6401:6402): Marco 269 asignado al proceso 78.
[TRACE] 12:18:15:876 MSP/(6401:6402): Marco 270 asignado al proceso 78.
[TRACE] 12:18:15:876 MSP/(6401:6402): Marco 271 asignado al proceso 78.
[TRACE] 12:18:15:876 MSP/(6401:6402): Marco 272 asignado al proceso 78.
[TRACE] 12:18:15:876 MSP/(6401:6402): Marco 273 asignado al proceso 78.
[TRACE] 12:18:15:876 MSP/(6401:6402): Marco 274 asignado al proceso 78.
[TRACE] 12:18:15:876 MSP/(6401:6402): Marco 275 asignado al proceso 78.
[TRACE] 12:18:15:876 MSP/(6401:6402): Marco 276 asignado al proceso 78.
[TRACE] 12:18:15:876 MSP/(6401:6402): Marco 277 asignado al proceso 78.
[TRACE] 12:18:15:876 MSP/(6401:6402): Marco 278 asignado al proceso 78.
[TRACE] 12:18:15:876 MSP/(6401:6402): Marco 279 asignado al proceso 78.
[TRACE] 12:18:15:876 MSP/(6401:6402): Marco 280 asignado al proceso 78.
[TRACE] 12:18:15:876 MSP/(6401:6402): Marco 281 asignado al proceso 78.
[TRACE] 12:18:15:876 MSP/(6401:6402): Marco 282 asignado al proceso 78.
[TRACE] 12:18:15:876 MSP/(6401:6402): Marco 283 asignado al proceso 78.
[TRACE] 12:18:15:876 MSP/(6401:6402): Marco 284 asignado al proceso 78.
[TRACE] 12:18:15:876 MSP/(6401:6402): Marco 285 asignado al proceso 78.
[TRACE] 12:18:15:876 MSP/(6401:6402): Marco 286 asignado al proceso 78.
[TRACE] 12:18:15:876 MSP/(6401:6402): Marco 287 asignado al proceso 78.
[TRACE] 12:18:15:876 MSP/(6401:6402): Marco 288 asignado al proceso 78.
[TRACE] 12:18:15:876 MSP/(6401:6402): Marco 289 asignado al proceso 78.
[TRACE] 12:18:15:876 MSP/(6401:6402): Marco 290 asignado al proceso 78.
[TRACE] 12:18:15:876 MSP/(6401:6402): Marco 291 asignado al proceso 78.
[TRACE] 12:18:15:876 MSP/(6401:6402): Marco 292 asignado al proceso 78.
[TRACE] 12:18:15:876 MSP/(6401:6402): Marco 293 asignado al proceso 78.
[TRACE] 12:18:15:876 MSP/(6401:6402): Marco 294 asignado al proceso 78.
[TRACE] 12:18:15:876 MSP/(6401:6402): Marco 295 asignado al proceso 78.
[TRACE] 12:18:15:876 MSP/(6401:6402): Marco 296 asignado al proceso 78.
[TRACE] 12:18:15:876 MSP/(6401:6402): Marco 297 asignado al proceso 78.
[TRACE] 12:18:15:876 MSP/(6401:6402): Marco 298 asignado al proceso 78.
[TRACE] 12:18:15:876 MSP/(6401:6402): Marco 299 asignado al proceso 78.
[TRACE] 12:18:15:876 MSP/(6401:6402): Marco 300 asignado al proceso 78.
[TRACE] 12:18:15:876 MSP/(6401:6402): Marco 301 asignado al proceso 78.
[TRACE] 12:18:15:876 MSP/(6401:6402): Marco 302 asignado al proceso 78.
[TRACE] 12:18:15:876 MSP/(6401:6402): Marco 303 asignado al proceso 78.
[TRACE] 12:18:15:876 MSP/(6401:6402): Marco 304 asignado al proceso 78.
[TRACE] 12:18:15:876 MSP/(6401:6402): Marco 305 asignado al proceso 78.
[TRACE] 12:18:15:876 MSP/(6401:6402): Marco 306 asignado al proceso 78.
[TRACE] 12:18:15:876 MSP/(6401:6402): Marco 307 asignado al proceso 78.
[TRACE] 12:18:15:876 MSP/(6401:6402): Marco 308 asignado al proceso 78.
[TRACE] 12:18:15:876 MSP/(6401:6402): Marco 309 asignado al proceso 78.
[TRACE] 12:18:15:876 MSP/(6401:6402): Marco 310 asignado al proceso 78.
[TRACE] 12:18:15:876 MSP/(6401:6402): Marco 311 asignado al proceso 78.
[TRACE] 12:18:15:876 MSP/(6401:6402): Marco 312 asignado al proceso 78.
[TRACE] 12:18:15:876 MSP/(6401:6402): Marco 313 asignado al proceso 78.
[TRACE] 12:18:15:876 MSP/(6401:6402): Marco 314 asignado al proceso 78.
[TRACE] 12:18:15:877 MSP/(6401:6402): Marco 315 asignado al proceso 78.
[TRACE] 12:18:15:877 MSP/(6401:6402): Marco 316 asignado al proceso 78.
[TRACE] 12:18:15:877 MSP/(6401:6402): Marco 317 asignado al proceso 78.
[TRACE] 12:18:15:877 MSP/(6401:6402): Marco 318 asignado al proceso 78.
[TRACE] 12:18:15:877 MSP/(6401:6402): Marco 319 asignado al proceso 78.
[TRACE] 12:18:15:877 MSP/(6401:6402): Marco 320 asignado al proceso 78.
[TRACE] 12:18:15:877 MSP/(6401:6402): Marco 321 asignado al proceso 78.
[TRACE] 12:18:15:877 MSP/(6401:6402): Marco 322 asignado al proceso 78.
[TRACE] 12:18:15:877 MSP/(6401:6402): Marco 323 asignado al proceso 78.
[TRACE] 12:18:15:877 MSP/(6401:6402): Marco 324 asignado al proceso 78.
[TRACE] 12:18:15:877 MSP/(6401:6402): Marco 325 asignado al proceso 78.
[TRACE] 12:18:15:877 MSP/(6401:6402): Marco 326 asignado al proceso 78.
[TRACE] 12:18:15:877 MSP/(6401:6402): Marco 327 asignado al proceso 78.
[TRACE] 12:18:15:877 MSP/(6401:6402): Marco 328 asignado al proceso 78.
[TRACE] 12:18:15:877 MSP/(6401:6402): Marco 329 asignado al proceso 78.
[TRACE] 12:18:15:877 MSP/(6401:6402): Marco 330 asignado al proceso 78.
[TRACE] 12:18:15:877 MSP/(6401:6402): Marco 331 asignado al proceso 78.
[TRACE] 12:18:15:877 MSP/(6401:6402): Marco 332 asignado al proceso 78.
[TRACE] 12:18:15:877 MSP/(6401:6402): Marco 333 asignado al proceso 78.
[TRACE] 12:18:15:877 MSP/(6401:6402): Marco 334 asignado al proceso 78.
[TRACE] 12:18:15:877 MSP/(6401:6402): Marco 335 asignado al proceso 78.
[TRACE] 12:18:15:877 MSP/(6401:6402): Marco 336 asignado al proceso 78.
[TRACE] 12:18:15:877 MSP/(6401:6402): Marco 337 asignado al proceso 78.
[TRACE] 12:18:15:877 MSP/(6401:6402): Marco 338 asignado al proceso 78.
[TRACE] 12:18:15:877 MSP/(6401:6402): Marco 339 asignado al proceso 78.
[TRACE] 12:18:15:877 MSP/(6401:6402): Marco 340 asignado al proceso 78.
[TRACE] 12:18:15:877 MSP/(6401:6402): Marco 341 asignado al proceso 78.
[TRACE] 12:18:15:877 MSP/(6401:6402): Marco 342 asignado al proceso 78.
[TRACE] 12:18:15:877 MSP/(6401:6402): Marco 343 asignado al proceso 78.
[TRACE] 12:18:15:877 MSP/(6401:6402): Marco 344 asignado al proceso 78.
[TRACE] 12:18:15:877 MSP/(6401:6402): Marco 345 asignado al proceso 78.
[TRACE] 12:18:15:877 MSP/(6401:6402): Marco 346 asignado al proceso 78.
[TRACE] 12:18:15:877 MSP/(6401:6402): Marco 347 asignado al proceso 78.
[TRACE] 12:18:15:877 MSP/(6401:6402): Marco 348 asignado al proceso 78.
[TRACE] 12:18:15:877 MSP/(6401:6402): Marco 349 asignado al proceso 78.
[TRACE] 12:18:15:877 MSP/(6401:6402): Marco 350 asignado al proceso 78.
[TRACE] 12:18:15:877 MSP/(6401:6402): Marco 351 asignado al proceso 78.
[TRACE] 12:18:15:877 MSP/(6401:6402): Marco 352 asignado al proceso 78.
[TRACE] 12:18:15:877 MSP/(6401:6402): Marco 353 asignado al proceso 78.
[TRACE] 12:18:15:877 MSP/(6401:6402): Marco 354 asignado al proceso 78.
[TRACE] 12:18:15:877 MSP/(6401:6402): Marco 355 asignado al proceso 78.
[TRACE] 12:18:15:877 MSP/(6401:6402): Marco 356 asignado al proceso 78.
[TRACE] 12:18:15:877 MSP/(6401:6402): Marco 357 asignado al proceso 78.
[TRACE] 12:18:15:877 MSP/(6401:6402): Marco 358 asignado al proceso 78.
[TRACE] 12:18:15:877 MSP/(6401:6402): Marco 359 asignado al proceso 78.
[TRACE] 12:18:15:877 MSP/(6401:6402): Marco 360 asignado al proceso 78.
[TRACE] 12:18:15:877 MSP/(6401:6402): Marco 361 asignado al proceso 78.
[TRACE] 12:18:15:877 MSP/(6401:6402): Marco 362 asignado al proceso 78.
[TRACE] 12:18:15:877 MSP/(6401:6402): Marco 363 asignado al proceso 78.
[TRACE] 12:18:15:877 MSP/(6401:6402): Marco 364 asignado al proceso 78.
[TRACE] 12:18:15:877 MSP/(6401:6402): Marco 365 asignado al proceso 78.
[TRACE] 12:18:15:878 MSP/(6401:6402): Marco 366 asignado al proceso 78.
[TRACE] 12:18:15:878 MSP/(6401:6402): Marco 367 asignado al proceso 78.
[TRACE] 12:18:15:878 MSP/(6401:6402): Marco 368 asignado al proceso 78.
[TRACE] 12:18:15:878 MSP/(6401:6402): Marco 369 asignado al proceso 78.
[TRACE] 12:18:15:878 MSP/(6401:6402): Marco 370 asignado al proceso 78.
[TRACE] 12:18:15:878 MSP/(6401:6402): Marco 371 asignado al proceso 78.
[TRACE] 12:18:15:878 MSP/(6401:6402): Marco 372 asignado al proceso 78.
[TRACE] 12:18:15:878 MSP/(6401:6402): Marco 373 asignado al proceso 78.
[TRACE] 12:18:15:878 MSP/(6401:6402): Marco 374 asignado al proceso 78.
[TRACE] 12:18:15:878 MSP/(6401:6402): Marco 375 asignado al proceso 78.
[TRACE] 12:18:15:878 MSP/(6401:6402): Marco 376 asignado al proceso 78.
[TRACE] 12:18:15:878 MSP/(6401:6402): Marco 377 asignado al proceso 78.
[TRACE] 12:18:15:878 MSP/(6401:6402): Marco 378 asignado al proceso 78.
[TRACE] 12:18:15:878 MSP/(6401:6402): Marco 379 asignado al proceso 78.
[TRACE] 12:18:15:878 MSP/(6401:6402): Marco 380 asignado al proceso 78.
[TRACE] 12:18:15:878 MSP/(6401:6402): Marco 381 asignado al proceso 78.
[TRACE] 12:18:15:878 MSP/(6401:6402): Marco 382 asignado al proceso 78.
[TRACE] 12:18:15:878 MSP/(6401:6402): Marco 383 asignado al proceso 78.
[TRACE] 12:18:15:878 MSP/(6401:6402): Marco 384 asignado al proceso 78.
[TRACE] 12:18:15:878 MSP/(6401:6402): Marco 385 asignado al proceso 78.
[TRACE] 12:18:15:878 MSP/(6401:6402): Marco 386 asignado al proceso 78.
[TRACE] 12:18:15:878 MSP/(6401:6402): Marco 387 asignado al proceso 78.
[TRACE] 12:18:15:878 MSP/(6401:6402): Marco 388 asignado al proceso 78.
[TRACE] 12:18:15:878 MSP/(6401:6402): Marco 389 asignado al proceso 78.
[TRACE] 12:18:15:878 MSP/(6401:6402): Marco 390 asignado al proceso 78.
[TRACE] 12:18:15:878 MSP/(6401:6402): Marco 391 asignado al proceso 78.
[TRACE] 12:18:15:878 MSP/(6401:6402): Marco 392 asignado al proceso 78.
[TRACE] 12:18:15:878 MSP/(6401:6402): Marco 393 asignado al proceso 78.
[TRACE] 12:18:15:878 MSP/(6401:6402): Marco 394 asignado al proceso 78.
[TRACE] 12:18:15:878 MSP/(6401:6402): Marco 395 asignado al proceso 78.
[TRACE] 12:18:15:878 MSP/(6401:6402): Marco 396 asignado al proceso 78.
[TRACE] 12:18:15:878 MSP/(6401:6402): Marco 397 asignado al proceso 78.
[TRACE] 12:18:15:878 MSP/(6401:6402): Marco 398 asignado al proceso 78.
[TRACE] 12:18:15:878 MSP/(6401:6402): Marco 399 asignado al proceso 78.
[TRACE] 12:18:15:878 MSP/(6401:6402): Memoria Principal lllena.
[TRACE] 12:18:15:878 MSP/(6401:6402): Segmento 0 del proceso 78 creado correctamente.
[TRACE] 12:19:36:175 MSP/(6401:6402): Intercambio de página 3 del segmento 0 del proceso 1 hacia disco.
[TRACE] 12:19:36:175 MSP/(6401:6402): Marco 0 desasignado al proceso 1.
[TRACE] 12:19:36:175 MSP/(6401:6402): Intercambio de página 42 del segmento 0 del proceso 56 desde disco.
[TRACE] 12:19:36:175 MSP/(6401:6402): Marco 0 asignado al proceso 56.
[TRACE] 12:21:45:727 MSP/(6401:6402): Intercambio de página 4 del segmento 0 del proceso 1 hacia disco.
[TRACE] 12:21:45:727 MSP/(6401:6402): Marco 1 desasignado al proceso 1.
[TRACE] 12:21:45:727 MSP/(6401:6402): Intercambio de página 0 del segmento 0 del proceso 56 desde disco.
[TRACE] 12:21:45:727 MSP/(6401:6402): Marco 1 asignado al proceso 56.
[TRACE] 12:21:45:727 MSP/(6401:6402): Intercambio de página 4057 del segmento 9 del proceso 56 hacia disco.
[TRACE] 12:21:45:727 MSP/(6401:6402): Marco 2 desasignado al proceso 56.
[TRACE] 12:21:45:727 MSP/(6401:6402): Intercambio de página 1 del segmento 0 del proceso 56 desde disco.
[TRACE] 12:21:45:727 MSP/(6401:6402): Marco 2 asignado al proceso 56.
[TRACE] 12:22:37:838 MSP/(6401:6402): Intercambio de página 4058 del segmento 9 del proceso 56 hacia disco.
[TRACE] 12:22:37:838 MSP/(6401:6402): Marco 3 desasignado al proceso 56.
[TRACE] 12:22:37:838 MSP/(6401:6402): Intercambio de página 3 del segmento 0 del proceso 1 desde disco.
[TRACE] 12:22:37:838 MSP/(6401:6402): Marco 3 asignado al proceso 1.
[TRACE] 12:22:37:838 MSP/(6401:6402): Intercambio de página 4059 del segmento 9 del proceso 56 hacia disco.
[TRACE] 12:22:37:838 MSP/(6401:6402): Marco 4 desasignado al proceso 56.
[TRACE] 12:22:37:838 MSP/(6401:6402): Intercambio de página 4 del segmento 0 del proceso 1 desde disco.
[TRACE] 12:22:37:838 MSP/(6401:6402): Marco 4 asignado al proceso 1.
